This file contains any messages produced by compilers while
running configure, to aid debugging if configure makes a mistake.

It was created by infiniswap block device configure 0.1, which was
generated by GNU Autoconf 2.69.  Invocation command line was

  $ ./configure --enable-max_page_num=1 --enable-bio_page_cap=32 --enable-max_remote_memory=32 --enable-stackbd_size=12 --enable-stackbd_name=stackbd --enable-backup_disk=/dev/vdb --enable-num_server_select=1 --enable-lookup_bdev

## --------- ##
## Platform. ##
## --------- ##

hostname = u222
uname -m = x86_64
uname -r = 4.4.0-142-generic
uname -s = Linux
uname -v = #168~14.04.1-Ubuntu SMP Sat Jan 19 11:26:28 UTC 2019

/usr/bin/uname -p = unknown
/bin/uname -X     = unknown

/bin/arch              = unknown
/usr/bin/arch -k       = unknown
/usr/convex/getsysinfo = unknown
/usr/bin/hostinfo      = unknown
/bin/machine           = unknown
/usr/bin/oslevel       = unknown
/bin/universe          = unknown

PATH: /root/.vscode-server/bin/3c4e3df9e89829dce27b7b5c24508306b151f30d/bin
PATH: /usr/local/sbin
PATH: /usr/local/bin
PATH: /usr/sbin
PATH: /usr/bin
PATH: /sbin
PATH: /bin
PATH: /usr/games
PATH: /usr/local/games


## ----------- ##
## Core tests. ##
## ----------- ##

configure:1767: checking for a BSD-compatible install
configure:1835: result: /usr/bin/install -c
configure:1998: checking if ofed installed
configure:2004: result: yes
configure:2067: checking kernel source directory
configure:2091: result: /usr/src/linux-headers-4.4.0-142-generic
configure:2093: checking kernel build directory
configure:2095: result: /usr/src/linux-headers-4.4.0-142-generic
configure:2098: checking kernel source version
configure:2114: result: 4.4.0-142-generic
configure:2122: checking if this is user mode linux
configure:2129: result: 
configure:2255: creating ./config.status

## ---------------------- ##
## Running config.status. ##
## ---------------------- ##

This file was extended by infiniswap block device config.status 0.1, which was
generated by GNU Autoconf 2.69.  Invocation command line was

  CONFIG_FILES    = 
  CONFIG_HEADERS  = 
  CONFIG_LINKS    = 
  CONFIG_COMMANDS = 
  $ ./config.status 

on u222

config.status:797: creating Makefile
config.status:797: creating config.h
config.status:972: config.h is unchanged

## ---------------- ##
## Cache variables. ##
## ---------------- ##

ac_cv_env_build_alias_set=
ac_cv_env_build_alias_value=
ac_cv_env_host_alias_set=
ac_cv_env_host_alias_value=
ac_cv_env_target_alias_set=
ac_cv_env_target_alias_value=
ac_cv_path_install='/usr/bin/install -c'

## ----------------- ##
## Output variables. ##
## ----------------- ##

DEFS='-DHAVE_CONFIG_H'
ECHO_C=''
ECHO_N='-n'
ECHO_T=''
INSTALL_DATA='${INSTALL} -m 644'
INSTALL_PROGRAM='${INSTALL}'
INSTALL_SCRIPT='${INSTALL}'
KERNELCFLAGS=''
KERNELCPPFLAGS=''
KERNELMAKE_PARAMS=''
LIBOBJS=''
LIBS=''
LTLIBOBJS=''
OFED_CFLAGS='-I/var/lib/dkms/mlnx-ofed-kernel/4.1/build/include -include /var/lib/dkms/mlnx-ofed-kernel/4.1/build/include/linux/compat-2.6.h'
PACKAGE_BUGREPORT='infiniswap@umich.edu'
PACKAGE_NAME='infiniswap block device'
PACKAGE_STRING='infiniswap block device 0.1'
PACKAGE_TARNAME='infiniswap-block-device'
PACKAGE_URL='https://github.com/SymbioticLab/infiniswap'
PACKAGE_VERSION='0.1'
PATH_SEPARATOR=':'
RDMA_SYMVERS='/root/Infiniswap/infiniswap_bd/Module.symvers /var/lib/dkms/mlnx-ofed-kernel/4.1/build/Module.symvers'
SHELL='/bin/bash'
bindir='${exec_prefix}/bin'
build_alias=''
datadir='${datarootdir}'
datarootdir='${prefix}/share'
docdir='${datarootdir}/doc/${PACKAGE_TARNAME}'
dvidir='${docdir}'
exec_prefix='${prefix}'
host_alias=''
htmldir='${docdir}'
includedir='${prefix}/include'
infodir='${datarootdir}/info'
kernelsrc='/usr/src/linux-headers-4.4.0-142-generic'
kmoduledir='/lib/modules/4.4.0-142-generic'
libdir='${exec_prefix}/lib'
libexecdir='${exec_prefix}/libexec'
localedir='${datarootdir}/locale'
localstatedir='${prefix}/var'
mandir='${datarootdir}/man'
oldincludedir='/usr/include'
pdfdir='${docdir}'
prefix='/usr/local'
program_transform_name='s,x,x,'
psdir='${docdir}'
sbindir='${exec_prefix}/sbin'
sharedstatedir='${prefix}/com'
sysconfdir='${prefix}/etc'
target_alias=''

## ----------- ##
## confdefs.h. ##
## ----------- ##

/* confdefs.h */
#define PACKAGE_NAME "infiniswap block device"
#define PACKAGE_TARNAME "infiniswap-block-device"
#define PACKAGE_VERSION "0.1"
#define PACKAGE_STRING "infiniswap block device 0.1"
#define PACKAGE_BUGREPORT "infiniswap@umich.edu"
#define PACKAGE_URL "https://github.com/SymbioticLab/infiniswap"
#define HAVE_LOOKUP_BDEV_PATCH /**/
#define USER_MAX_PAGE_NUM 1
#define USER_BIO_PAGE_CAP 32
#define USER_MAX_REMOTE_MEMORY 32
#define USER_STACKBD_SIZE 12
#define USER_STACKBD_NAME "stackbd"
#define USER_BACKUP_DISK "/dev/vdb"
#define USER_NUM_SERVER_SELECT 1

configure: exit 0
