This file contains any messages produced by compilers while
running configure, to aid debugging if configure makes a mistake.

It was created by infiniswap daemon configure 0.1, which was
generated by GNU Autoconf 2.69.  Invocation command line was

  $ ./configure --enable-max_client=32 --enable-max_remote_memory=32 --enable-remote_memory_evict=8 --enable-remote_memory_expand=16 --enable-evict_hit_limit=1 --enable-expand_hit_limit=20 --enable-measured_free_mem_weight=0.7

## --------- ##
## Platform. ##
## --------- ##

hostname = u222
uname -m = x86_64
uname -r = 4.4.0-142-generic
uname -s = Linux
uname -v = #168~14.04.1-Ubuntu SMP Sat Jan 19 11:26:28 UTC 2019

/usr/bin/uname -p = unknown
/bin/uname -X     = unknown

/bin/arch              = unknown
/usr/bin/arch -k       = unknown
/usr/convex/getsysinfo = unknown
/usr/bin/hostinfo      = unknown
/bin/machine           = unknown
/usr/bin/oslevel       = unknown
/bin/universe          = unknown

PATH: /root/.vscode-server/bin/3c4e3df9e89829dce27b7b5c24508306b151f30d/bin
PATH: /usr/local/sbin
PATH: /usr/local/bin
PATH: /usr/sbin
PATH: /usr/bin
PATH: /sbin
PATH: /bin
PATH: /usr/games
PATH: /usr/local/games


## ----------- ##
## Core tests. ##
## ----------- ##

configure:2273: checking for a BSD-compatible install
configure:2341: result: /usr/bin/install -c
configure:2352: checking whether build environment is sane
configure:2407: result: yes
configure:2558: checking for a thread-safe mkdir -p
configure:2597: result: /bin/mkdir -p
configure:2604: checking for gawk
configure:2634: result: no
configure:2604: checking for mawk
configure:2620: found /usr/bin/mawk
configure:2631: result: mawk
configure:2642: checking whether make sets $(MAKE)
configure:2664: result: yes
configure:2693: checking whether make supports nested variables
configure:2710: result: yes
configure:2993: checking for gcc
configure:3009: found /usr/bin/gcc
configure:3020: result: gcc
configure:3249: checking for C compiler version
configure:3258: gcc --version >&5
gcc (Ubuntu 4.8.4-2ubuntu1~14.04.4) 4.8.4
Copyright (C) 2013 Free Software Foundation, Inc.
This is free software; see the source for copying conditions.  There is NO
warranty; not even for MERCHANTABILITY or FITNESS FOR A PARTICULAR PURPOSE.

configure:3269: $? = 0
configure:3258: gcc -v >&5
Using built-in specs.
COLLECT_GCC=gcc
COLLECT_LTO_WRAPPER=/usr/lib/gcc/x86_64-linux-gnu/4.8/lto-wrapper
Target: x86_64-linux-gnu
Configured with: ../src/configure -v --with-pkgversion='Ubuntu 4.8.4-2ubuntu1~14.04.4' --with-bugurl=file:///usr/share/doc/gcc-4.8/README.Bugs --enable-languages=c,c++,java,go,d,fortran,objc,obj-c++ --prefix=/usr --program-suffix=-4.8 --enable-shared --enable-linker-build-id --libexecdir=/usr/lib --without-included-gettext --enable-threads=posix --with-gxx-include-dir=/usr/include/c++/4.8 --libdir=/usr/lib --enable-nls --with-sysroot=/ --enable-clocale=gnu --enable-libstdcxx-debug --enable-libstdcxx-time=yes --enable-gnu-unique-object --disable-libmudflap --enable-plugin --with-system-zlib --disable-browser-plugin --enable-java-awt=gtk --enable-gtk-cairo --with-java-home=/usr/lib/jvm/java-1.5.0-gcj-4.8-amd64/jre --enable-java-home --with-jvm-root-dir=/usr/lib/jvm/java-1.5.0-gcj-4.8-amd64 --with-jvm-jar-dir=/usr/lib/jvm-exports/java-1.5.0-gcj-4.8-amd64 --with-arch-directory=amd64 --with-ecj-jar=/usr/share/java/eclipse-ecj.jar --enable-objc-gc --enable-multiarch --disable-werror --with-arch-32=i686 --with-abi=m64 --with-multilib-list=m32,m64,mx32 --with-tune=generic --enable-checking=release --build=x86_64-linux-gnu --host=x86_64-linux-gnu --target=x86_64-linux-gnu
Thread model: posix
gcc version 4.8.4 (Ubuntu 4.8.4-2ubuntu1~14.04.4) 
configure:3269: $? = 0
configure:3258: gcc -V >&5
gcc: error: unrecognized command line option '-V'
gcc: fatal error: no input files
compilation terminated.
configure:3269: $? = 4
configure:3258: gcc -qversion >&5
gcc: error: unrecognized command line option '-qversion'
gcc: fatal error: no input files
compilation terminated.
configure:3269: $? = 4
configure:3289: checking whether the C compiler works
configure:3311: gcc    conftest.c  >&5
configure:3315: $? = 0
configure:3363: result: yes
configure:3366: checking for C compiler default output file name
configure:3368: result: a.out
configure:3374: checking for suffix of executables
configure:3381: gcc -o conftest    conftest.c  >&5
configure:3385: $? = 0
configure:3407: result: 
configure:3429: checking whether we are cross compiling
configure:3437: gcc -o conftest    conftest.c  >&5
configure:3441: $? = 0
configure:3448: ./conftest
configure:3452: $? = 0
configure:3467: result: no
configure:3472: checking for suffix of object files
configure:3494: gcc -c   conftest.c >&5
configure:3498: $? = 0
configure:3519: result: o
configure:3523: checking whether we are using the GNU C compiler
configure:3542: gcc -c   conftest.c >&5
configure:3542: $? = 0
configure:3551: result: yes
configure:3560: checking whether gcc accepts -g
configure:3580: gcc -c -g  conftest.c >&5
configure:3580: $? = 0
configure:3621: result: yes
configure:3638: checking for gcc option to accept ISO C89
configure:3701: gcc  -c -g -O2  conftest.c >&5
configure:3701: $? = 0
configure:3714: result: none needed
configure:3739: checking whether gcc understands -c and -o together
configure:3761: gcc -c conftest.c -o conftest2.o
configure:3764: $? = 0
configure:3761: gcc -c conftest.c -o conftest2.o
configure:3764: $? = 0
configure:3776: result: yes
configure:3804: checking for style of include used by make
configure:3832: result: GNU
configure:3858: checking dependency style of gcc
configure:3969: result: gcc3
configure:4027: checking for ranlib
configure:4043: found /usr/bin/ranlib
configure:4054: result: ranlib
configure:4079: checking for ibv_get_device_list in -libverbs
configure:4104: gcc -o conftest -g -O2   conftest.c -libverbs   >&5
configure:4104: $? = 0
configure:4113: result: yes
configure:4126: checking for pthread_create in -lpthread
configure:4151: gcc -o conftest -g -O2   conftest.c -lpthread  -libverbs  >&5
configure:4151: $? = 0
configure:4160: result: yes
configure:4173: checking for rdma_create_event_channel in -lrdmacm
configure:4198: gcc -o conftest -g -O2   conftest.c -lrdmacm  -lpthread -libverbs  >&5
configure:4198: $? = 0
configure:4207: result: yes
configure:4227: checking how to run the C preprocessor
configure:4258: gcc -E  conftest.c
configure:4258: $? = 0
configure:4272: gcc -E  conftest.c
conftest.c:21:28: fatal error: ac_nonexistent.h: No such file or directory
 #include <ac_nonexistent.h>
                            ^
compilation terminated.
configure:4272: $? = 1
configure: failed program was:
| /* confdefs.h */
| #define PACKAGE_NAME "infiniswap daemon"
| #define PACKAGE_TARNAME "infiniswap-daemon"
| #define PACKAGE_VERSION "0.1"
| #define PACKAGE_STRING "infiniswap daemon 0.1"
| #define PACKAGE_BUGREPORT "infiniswap@umich.edu"
| #define PACKAGE_URL "https://github.com/SymbioticLab/infiniswap"
| #define PACKAGE "infiniswap-daemon"
| #define VERSION "0.1"
| #define USER_MAX_CLIENT 32
| #define USER_MAX_REMOTE_MEMORY 32
| #define USER_REMOTE_MEMORY_EVICT 8
| #define USER_EVICT_HIT_LIMIT 1
| #define USER_REMOTE_MEMORY_EXPAND 16
| #define USER_EXPAND_HIT_LIMIT 20
| #define USER_MEASURED_FREE_MEM_WEIGHT 0.7
| #define HAVE_LIBIBVERBS 1
| #define HAVE_LIBPTHREAD 1
| #define HAVE_LIBRDMACM 1
| /* end confdefs.h.  */
| #include <ac_nonexistent.h>
configure:4297: result: gcc -E
configure:4317: gcc -E  conftest.c
configure:4317: $? = 0
configure:4331: gcc -E  conftest.c
conftest.c:21:28: fatal error: ac_nonexistent.h: No such file or directory
 #include <ac_nonexistent.h>
                            ^
compilation terminated.
configure:4331: $? = 1
configure: failed program was:
| /* confdefs.h */
| #define PACKAGE_NAME "infiniswap daemon"
| #define PACKAGE_TARNAME "infiniswap-daemon"
| #define PACKAGE_VERSION "0.1"
| #define PACKAGE_STRING "infiniswap daemon 0.1"
| #define PACKAGE_BUGREPORT "infiniswap@umich.edu"
| #define PACKAGE_URL "https://github.com/SymbioticLab/infiniswap"
| #define PACKAGE "infiniswap-daemon"
| #define VERSION "0.1"
| #define USER_MAX_CLIENT 32
| #define USER_MAX_REMOTE_MEMORY 32
| #define USER_REMOTE_MEMORY_EVICT 8
| #define USER_EVICT_HIT_LIMIT 1
| #define USER_REMOTE_MEMORY_EXPAND 16
| #define USER_EXPAND_HIT_LIMIT 20
| #define USER_MEASURED_FREE_MEM_WEIGHT 0.7
| #define HAVE_LIBIBVERBS 1
| #define HAVE_LIBPTHREAD 1
| #define HAVE_LIBRDMACM 1
| /* end confdefs.h.  */
| #include <ac_nonexistent.h>
configure:4360: checking for grep that handles long lines and -e
configure:4418: result: /bin/grep
configure:4423: checking for egrep
configure:4485: result: /bin/grep -E
configure:4490: checking for ANSI C header files
configure:4510: gcc -c -g -O2  conftest.c >&5
configure:4510: $? = 0
configure:4583: gcc -o conftest -g -O2   conftest.c -lrdmacm -lpthread -libverbs  >&5
configure:4583: $? = 0
configure:4583: ./conftest
configure:4583: $? = 0
configure:4594: result: yes
configure:4607: checking for sys/types.h
configure:4607: gcc -c -g -O2  conftest.c >&5
configure:4607: $? = 0
configure:4607: result: yes
configure:4607: checking for sys/stat.h
configure:4607: gcc -c -g -O2  conftest.c >&5
configure:4607: $? = 0
configure:4607: result: yes
configure:4607: checking for stdlib.h
configure:4607: gcc -c -g -O2  conftest.c >&5
configure:4607: $? = 0
configure:4607: result: yes
configure:4607: checking for string.h
configure:4607: gcc -c -g -O2  conftest.c >&5
configure:4607: $? = 0
configure:4607: result: yes
configure:4607: checking for memory.h
configure:4607: gcc -c -g -O2  conftest.c >&5
configure:4607: $? = 0
configure:4607: result: yes
configure:4607: checking for strings.h
configure:4607: gcc -c -g -O2  conftest.c >&5
configure:4607: $? = 0
configure:4607: result: yes
configure:4607: checking for inttypes.h
configure:4607: gcc -c -g -O2  conftest.c >&5
configure:4607: $? = 0
configure:4607: result: yes
configure:4607: checking for stdint.h
configure:4607: gcc -c -g -O2  conftest.c >&5
configure:4607: $? = 0
configure:4607: result: yes
configure:4607: checking for unistd.h
configure:4607: gcc -c -g -O2  conftest.c >&5
configure:4607: $? = 0
configure:4607: result: yes
configure:4622: checking arpa/inet.h usability
configure:4622: gcc -c -g -O2  conftest.c >&5
configure:4622: $? = 0
configure:4622: result: yes
configure:4622: checking arpa/inet.h presence
configure:4622: gcc -E  conftest.c
configure:4622: $? = 0
configure:4622: result: yes
configure:4622: checking for arpa/inet.h
configure:4622: result: yes
configure:4622: checking netdb.h usability
configure:4622: gcc -c -g -O2  conftest.c >&5
configure:4622: $? = 0
configure:4622: result: yes
configure:4622: checking netdb.h presence
configure:4622: gcc -E  conftest.c
configure:4622: $? = 0
configure:4622: result: yes
configure:4622: checking for netdb.h
configure:4622: result: yes
configure:4622: checking netinet/in.h usability
configure:4622: gcc -c -g -O2  conftest.c >&5
configure:4622: $? = 0
configure:4622: result: yes
configure:4622: checking netinet/in.h presence
configure:4622: gcc -E  conftest.c
configure:4622: $? = 0
configure:4622: result: yes
configure:4622: checking for netinet/in.h
configure:4622: result: yes
configure:4622: checking for stdlib.h
configure:4622: result: yes
configure:4622: checking for string.h
configure:4622: result: yes
configure:4622: checking for unistd.h
configure:4622: result: yes
configure:4634: checking infiniband/verbs.h usability
configure:4634: gcc -c -g -O2  conftest.c >&5
configure:4634: $? = 0
configure:4634: result: yes
configure:4634: checking infiniband/verbs.h presence
configure:4634: gcc -E  conftest.c
configure:4634: $? = 0
configure:4634: result: yes
configure:4634: checking for infiniband/verbs.h
configure:4634: result: yes
configure:4648: checking for uint16_t
configure:4648: gcc -c -g -O2  conftest.c >&5
configure:4648: $? = 0
configure:4648: result: yes
configure:4660: checking for uint32_t
configure:4660: gcc -c -g -O2  conftest.c >&5
configure:4660: $? = 0
configure:4660: result: yes
configure:4674: checking for uint64_t
configure:4674: gcc -c -g -O2  conftest.c >&5
configure:4674: $? = 0
configure:4674: result: yes
configure:4692: checking for stdlib.h
configure:4692: result: yes
configure:4702: checking for GNU libc compatible malloc
configure:4726: gcc -o conftest -g -O2   conftest.c -lrdmacm -lpthread -libverbs  >&5
configure:4726: $? = 0
configure:4726: ./conftest
configure:4726: $? = 0
configure:4736: result: yes
configure:4759: checking for memset
configure:4759: gcc -o conftest -g -O2   conftest.c -lrdmacm -lpthread -libverbs  >&5
conftest.c:63:6: warning: conflicting types for built-in function 'memset' [enabled by default]
 char memset ();
      ^
configure:4759: $? = 0
configure:4759: result: yes
configure:4881: checking that generated files are newer than configure
configure:4887: result: done
configure:4910: creating ./config.status

## ---------------------- ##
## Running config.status. ##
## ---------------------- ##

This file was extended by infiniswap daemon config.status 0.1, which was
generated by GNU Autoconf 2.69.  Invocation command line was

  CONFIG_FILES    = 
  CONFIG_HEADERS  = 
  CONFIG_LINKS    = 
  CONFIG_COMMANDS = 
  $ ./config.status 

on u222

config.status:874: creating Makefile
config.status:874: creating config.h
config.status:1055: config.h is unchanged
config.status:1103: executing depfiles commands

## ---------------- ##
## Cache variables. ##
## ---------------- ##

ac_cv_c_compiler_gnu=yes
ac_cv_c_uint16_t=yes
ac_cv_c_uint32_t=yes
ac_cv_c_uint64_t=yes
ac_cv_env_CC_set=
ac_cv_env_CC_value=
ac_cv_env_CFLAGS_set=
ac_cv_env_CFLAGS_value=
ac_cv_env_CPPFLAGS_set=
ac_cv_env_CPPFLAGS_value=
ac_cv_env_CPP_set=
ac_cv_env_CPP_value=
ac_cv_env_LDFLAGS_set=
ac_cv_env_LDFLAGS_value=
ac_cv_env_LIBS_set=
ac_cv_env_LIBS_value=
ac_cv_env_build_alias_set=
ac_cv_env_build_alias_value=
ac_cv_env_host_alias_set=
ac_cv_env_host_alias_value=
ac_cv_env_target_alias_set=
ac_cv_env_target_alias_value=
ac_cv_func_malloc_0_nonnull=yes
ac_cv_func_memset=yes
ac_cv_header_arpa_inet_h=yes
ac_cv_header_infiniband_verbs_h=yes
ac_cv_header_inttypes_h=yes
ac_cv_header_memory_h=yes
ac_cv_header_netdb_h=yes
ac_cv_header_netinet_in_h=yes
ac_cv_header_stdc=yes
ac_cv_header_stdint_h=yes
ac_cv_header_stdlib_h=yes
ac_cv_header_string_h=yes
ac_cv_header_strings_h=yes
ac_cv_header_sys_stat_h=yes
ac_cv_header_sys_types_h=yes
ac_cv_header_unistd_h=yes
ac_cv_lib_ibverbs_ibv_get_device_list=yes
ac_cv_lib_pthread_pthread_create=yes
ac_cv_lib_rdmacm_rdma_create_event_channel=yes
ac_cv_objext=o
ac_cv_path_EGREP='/bin/grep -E'
ac_cv_path_GREP=/bin/grep
ac_cv_path_install='/usr/bin/install -c'
ac_cv_path_mkdir=/bin/mkdir
ac_cv_prog_AWK=mawk
ac_cv_prog_CPP='gcc -E'
ac_cv_prog_ac_ct_CC=gcc
ac_cv_prog_ac_ct_RANLIB=ranlib
ac_cv_prog_cc_c89=
ac_cv_prog_cc_g=yes
ac_cv_prog_make_make_set=yes
am_cv_CC_dependencies_compiler_type=gcc3
am_cv_make_support_nested_variables=yes
am_cv_prog_cc_c_o=yes

## ----------------- ##
## Output variables. ##
## ----------------- ##

ACLOCAL='${SHELL} /root/Infiniswap/infiniswap_daemon/missing aclocal-1.14'
AMDEPBACKSLASH='\'
AMDEP_FALSE='#'
AMDEP_TRUE=''
AMTAR='$${TAR-tar}'
AM_BACKSLASH='\'
AM_DEFAULT_V='$(AM_DEFAULT_VERBOSITY)'
AM_DEFAULT_VERBOSITY='1'
AM_V='$(V)'
AUTOCONF='${SHELL} /root/Infiniswap/infiniswap_daemon/missing autoconf'
AUTOHEADER='${SHELL} /root/Infiniswap/infiniswap_daemon/missing autoheader'
AUTOMAKE='${SHELL} /root/Infiniswap/infiniswap_daemon/missing automake-1.14'
AWK='mawk'
CC='gcc'
CCDEPMODE='depmode=gcc3'
CFLAGS='-Wall -Werror -g'
CPP='gcc -E'
CPPFLAGS=''
CYGPATH_W='echo'
DEFS='-DHAVE_CONFIG_H'
DEPDIR='.deps'
ECHO_C=''
ECHO_N='-n'
ECHO_T=''
EGREP='/bin/grep -E'
EXEEXT=''
GREP='/bin/grep'
INSTALL_DATA='${INSTALL} -m 644'
INSTALL_PROGRAM='${INSTALL}'
INSTALL_SCRIPT='${INSTALL}'
INSTALL_STRIP_PROGRAM='$(install_sh) -c -s'
LDFLAGS=''
LIBOBJS=''
LIBS='-lrdmacm -lpthread -libverbs '
LTLIBOBJS=''
MAKEINFO='${SHELL} /root/Infiniswap/infiniswap_daemon/missing makeinfo'
MKDIR_P='/bin/mkdir -p'
OBJEXT='o'
PACKAGE='infiniswap-daemon'
PACKAGE_BUGREPORT='infiniswap@umich.edu'
PACKAGE_NAME='infiniswap daemon'
PACKAGE_STRING='infiniswap daemon 0.1'
PACKAGE_TARNAME='infiniswap-daemon'
PACKAGE_URL='https://github.com/SymbioticLab/infiniswap'
PACKAGE_VERSION='0.1'
PATH_SEPARATOR=':'
RANLIB='ranlib'
SET_MAKE=''
SHELL='/bin/bash'
STRIP=''
VERSION='0.1'
ac_ct_CC='gcc'
am__EXEEXT_FALSE=''
am__EXEEXT_TRUE='#'
am__fastdepCC_FALSE='#'
am__fastdepCC_TRUE=''
am__include='include'
am__isrc=''
am__leading_dot='.'
am__nodep='_no'
am__quote=''
am__tar='$${TAR-tar} chof - "$$tardir"'
am__untar='$${TAR-tar} xf -'
bindir='${exec_prefix}/bin'
build_alias=''
datadir='${datarootdir}'
datarootdir='${prefix}/share'
docdir='${datarootdir}/doc/${PACKAGE_TARNAME}'
dvidir='${docdir}'
exec_prefix='${prefix}'
host_alias=''
htmldir='${docdir}'
includedir='${prefix}/include'
infodir='${datarootdir}/info'
install_sh='${SHELL} /root/Infiniswap/infiniswap_daemon/install-sh'
libdir='${exec_prefix}/lib'
libexecdir='${exec_prefix}/libexec'
localedir='${datarootdir}/locale'
localstatedir='${prefix}/var'
mandir='${datarootdir}/man'
mkdir_p='$(MKDIR_P)'
oldincludedir='/usr/include'
pdfdir='${docdir}'
prefix='/usr/local'
program_transform_name='s,x,x,'
psdir='${docdir}'
sbindir='${exec_prefix}/sbin'
sharedstatedir='${prefix}/com'
sysconfdir='${prefix}/etc'
target_alias=''

## ----------- ##
## confdefs.h. ##
## ----------- ##

/* confdefs.h */
#define PACKAGE_NAME "infiniswap daemon"
#define PACKAGE_TARNAME "infiniswap-daemon"
#define PACKAGE_VERSION "0.1"
#define PACKAGE_STRING "infiniswap daemon 0.1"
#define PACKAGE_BUGREPORT "infiniswap@umich.edu"
#define PACKAGE_URL "https://github.com/SymbioticLab/infiniswap"
#define PACKAGE "infiniswap-daemon"
#define VERSION "0.1"
#define USER_MAX_CLIENT 32
#define USER_MAX_REMOTE_MEMORY 32
#define USER_REMOTE_MEMORY_EVICT 8
#define USER_EVICT_HIT_LIMIT 1
#define USER_REMOTE_MEMORY_EXPAND 16
#define USER_EXPAND_HIT_LIMIT 20
#define USER_MEASURED_FREE_MEM_WEIGHT 0.7
#define HAVE_LIBIBVERBS 1
#define HAVE_LIBPTHREAD 1
#define HAVE_LIBRDMACM 1
#define STDC_HEADERS 1
#define HAVE_SYS_TYPES_H 1
#define HAVE_SYS_STAT_H 1
#define HAVE_STDLIB_H 1
#define HAVE_STRING_H 1
#define HAVE_MEMORY_H 1
#define HAVE_STRINGS_H 1
#define HAVE_INTTYPES_H 1
#define HAVE_STDINT_H 1
#define HAVE_UNISTD_H 1
#define HAVE_ARPA_INET_H 1
#define HAVE_NETDB_H 1
#define HAVE_NETINET_IN_H 1
#define HAVE_STDLIB_H 1
#define HAVE_STRING_H 1
#define HAVE_UNISTD_H 1
#define HAVE_INFINIBAND_VERBS_H 1
#define HAVE_STDLIB_H 1
#define HAVE_MALLOC 1
#define HAVE_MEMSET 1

configure: exit 0
